[22:46:51] [main/INFO] (FabricLoader/GameProvider) Loading Minecraft 1.21.3 with Fabric Loader 0.16.7
[22:46:51] [main/INFO] (FabricLoader) Loading 55 mods:
	- architectury 14.0.3
	- capturetheflag 1.0.0
	- fabric-api 0.106.1+1.21.3
	- fabric-api-base 0.4.48+2127dc7240
	- fabric-api-lookup-api-v1 1.6.78+c47b9d4340
	- fabric-biome-api-v1 14.0.5+c47b9d4340
	- fabric-block-api-v1 1.0.28+c47b9d4340
	- fabric-block-view-api-v2 1.0.16+c47b9d4340
	- fabric-blockrenderlayer-v1 2.0.2+c47b9d4340
	- fabric-client-tags-api-v1 1.1.22+c47b9d4340
	- fabric-command-api-v1 1.2.56+f71b366f40
	- fabric-command-api-v2 2.2.35+c47b9d4340
	- fabric-commands-v0 0.2.73+df3654b340
	- fabric-content-registries-v0 9.1.5+c47b9d4340
	- fabric-convention-tags-v1 2.1.0+7f945d5b40
	- fabric-convention-tags-v2 2.9.0+c47b9d4340
	- fabric-crash-report-info-v1 0.3.3+c47b9d4340
	- fabric-data-attachment-api-v1 1.1.38+c47b9d4340
	- fabric-data-generation-api-v1 21.0.14+c47b9d4340
	- fabric-dimensions-v1 4.0.7+c47b9d4340
	- fabric-entity-events-v1 2.0.5+c47b9d4340
	- fabric-events-interaction-v0 2.0.9+c47b9d4340
	- fabric-game-rule-api-v1 1.0.59+c47b9d4340
	- fabric-gametest-api-v1 2.0.13+c47b9d4340
	- fabric-item-api-v1 11.1.5+c47b9d4340
	- fabric-item-group-api-v1 4.1.15+e7c9ab6640
	- fabric-key-binding-api-v1 1.0.53+c47b9d4340
	- fabric-keybindings-v0 0.2.51+df3654b340
	- fabric-lifecycle-events-v1 2.3.22+c47b9d4340
	- fabric-loot-api-v2 3.0.24+3f89f5a540
	- fabric-loot-api-v3 1.0.12+c47b9d4340
	- fabric-message-api-v1 6.0.19+c47b9d4340
	- fabric-model-loading-api-v1 3.0.7+c47b9d4340
	- fabric-networking-api-v1 4.3.3+56ec7ac640
	- fabric-object-builder-api-v1 17.0.7+c47b9d4340
	- fabric-particles-v1 4.0.8+c47b9d4340
	- fabric-recipe-api-v1 7.0.2+c47b9d4340
	- fabric-registry-sync-v0 5.2.0+56ec7ac640
	- fabric-renderer-api-v1 4.0.3+c47b9d4340
	- fabric-renderer-indigo 1.9.3+c47b9d4340
	- fabric-rendering-data-attachment-v1 0.3.54+73761d2e40
	- fabric-rendering-fluids-v1 3.1.13+c47b9d4340
	- fabric-rendering-v0 1.1.81+df3654b340
	- fabric-rendering-v1 8.0.5+c47b9d4340
	- fabric-resource-conditions-api-v1 5.0.8+c47b9d4340
	- fabric-resource-loader-v0 3.0.5+c47b9d4340
	- fabric-screen-api-v1 2.0.32+c47b9d4340
	- fabric-screen-handler-api-v1 1.3.98+c47b9d4340
	- fabric-sound-api-v1 1.0.29+c47b9d4340
	- fabric-transfer-api-v1 5.4.0+c47b9d4340
	- fabric-transitive-access-wideners-v1 6.1.8+c47b9d4340
	- fabricloader 0.16.7
	- java 21
	- minecraft 1.21.3
	- mixinextras 0.3.5
[22:46:52] [main/INFO] (FabricLoader/Mixin) SpongePowered MIXIN Subsystem Version=0.8.5 Source=file:/C:/Users/jacks/.gradle/caches/modules-2/files-2.1/net.fabricmc/sponge-mixin/0.13.3+mixin.0.8.5/9527e6b0d2449408958fd1302594dc65ec5ade9c/sponge-mixin-0.13.3+mixin.0.8.5.jar Service=Knot/Fabric Env=CLIENT
[22:46:52] [main/INFO] (FabricLoader/Mixin) Attempting to load Fernflower decompiler (Threaded mode)
[22:46:52] [main/INFO] (FabricLoader/Mixin) Fernflower could not be loaded, exported classes will not be decompiled. NoClassDefFoundError: org/jetbrains/java/decompiler/main/extern/IResultSaver
[22:46:52] [main/INFO] (FabricLoader/Mixin) Loaded Fabric development mappings for mixin remapper!
[22:46:52] [main/INFO] (FabricLoader/Mixin) Compatibility level set to JAVA_21
[22:46:56] [main/INFO] (FabricLoader/MixinExtras|Service) Initializing MixinExtras via com.llamalad7.mixinextras.service.MixinExtrasServiceImpl(version=0.3.5).
[22:46:58] [Datafixer Bootstrap/INFO] (Minecraft) 237 Datafixer optimizations took 978 milliseconds
[22:46:58] [main/WARN] (PerfmonDisabled) Invalid registry value type detected for PerfOS counters. Should be REG_DWORD. Ignoring: HKEY_LOCAL_MACHINE\SYSTEM\CurrentControlSet\Services\PerfOS\Performance\Disable Performance Counters.
[22:47:11] [Render thread/INFO] (Minecraft) Environment: Environment[sessionHost=https://sessionserver.mojang.com, servicesHost=https://api.minecraftservices.com, name=PROD]
[22:47:11] [Render thread/INFO] (Minecraft) Setting user: Player961
[22:47:18] [Render thread/INFO] (Indigo) [Indigo] Registering Indigo renderer!
[22:47:18] [Render thread/INFO] (NetworkManagerImpl) Registering S2C receiver with id architectury:spawn_entity_packet
[22:47:19] [Render thread/INFO] (Minecraft) Backend library: LWJGL version 3.3.3-snapshot
[22:47:22] [Render thread/INFO] (Minecraft) Reloading ResourceManager: vanilla, fabric, fabric-api, fabric-api-base, fabric-api-lookup-api-v1, fabric-biome-api-v1, fabric-block-api-v1, fabric-block-view-api-v2, fabric-blockrenderlayer-v1, fabric-client-tags-api-v1, fabric-command-api-v1, fabric-command-api-v2, fabric-commands-v0, fabric-content-registries-v0, fabric-convention-tags-v1, fabric-convention-tags-v2, fabric-crash-report-info-v1, fabric-data-attachment-api-v1, fabric-data-generation-api-v1, fabric-dimensions-v1, fabric-entity-events-v1, fabric-events-interaction-v0, fabric-game-rule-api-v1, fabric-gametest-api-v1, fabric-item-api-v1, fabric-item-group-api-v1, fabric-key-binding-api-v1, fabric-keybindings-v0, fabric-lifecycle-events-v1, fabric-loot-api-v2, fabric-loot-api-v3, fabric-message-api-v1, fabric-model-loading-api-v1, fabric-networking-api-v1, fabric-object-builder-api-v1, fabric-particles-v1, fabric-recipe-api-v1, fabric-registry-sync-v0, fabric-renderer-api-v1, fabric-renderer-indigo, fabric-rendering-data-attachment-v1, fabric-rendering-fluids-v1, fabric-rendering-v0, fabric-rendering-v1, fabric-resource-conditions-api-v1, fabric-resource-loader-v0, fabric-screen-api-v1, fabric-screen-handler-api-v1, fabric-sound-api-v1, fabric-transfer-api-v1, fabric-transitive-access-wideners-v1, fabricloader
[22:47:22] [Worker-Main-13/INFO] (Minecraft) Found unifont_jp_patch-15.1.05.hex, loading
[22:47:22] [Worker-Main-14/INFO] (Minecraft) Found unifont_all_no_pua-15.1.05.hex, loading
[22:47:24] [Render thread/WARN] (Minecraft) Missing sound for event: minecraft:block.spawner.fall
[22:47:24] [Render thread/INFO] (Minecraft) OpenAL initialized on device OpenAL Soft on VoiceMeeter Aux Input (VB-Audio VoiceMeeter AUX VAIO)
[22:47:24] [Render thread/INFO] (Minecraft) Sound engine started
[22:47:24] [Render thread/INFO] (Minecraft) Created: 1024x512x4 minecraft:textures/atlas/blocks.png-atlas
[22:47:24] [Render thread/INFO] (Minecraft) Created: 256x256x4 minecraft:textures/atlas/signs.png-atlas
[22:47:24] [Render thread/INFO] (Minecraft) Created: 512x512x4 minecraft:textures/atlas/banner_patterns.png-atlas
[22:47:24] [Render thread/INFO] (Minecraft) Created: 512x512x4 minecraft:textures/atlas/shield_patterns.png-atlas
[22:47:24] [Render thread/INFO] (Minecraft) Created: 1024x1024x4 minecraft:textures/atlas/armor_trims.png-atlas
[22:47:24] [Render thread/INFO] (Minecraft) Created: 256x256x4 minecraft:textures/atlas/chest.png-atlas
[22:47:24] [Render thread/INFO] (Minecraft) Created: 128x64x4 minecraft:textures/atlas/decorated_pot.png-atlas
[22:47:24] [Render thread/INFO] (Minecraft) Created: 512x256x4 minecraft:textures/atlas/shulker_boxes.png-atlas
[22:47:24] [Render thread/INFO] (Minecraft) Created: 512x256x4 minecraft:textures/atlas/beds.png-atlas
[22:47:25] [Render thread/INFO] (Minecraft) Created: 64x64x0 minecraft:textures/atlas/map_decorations.png-atlas
[22:47:25] [Render thread/INFO] (Minecraft) Created: 512x256x0 minecraft:textures/atlas/particles.png-atlas
[22:47:25] [Render thread/INFO] (Minecraft) Created: 512x256x0 minecraft:textures/atlas/paintings.png-atlas
[22:47:25] [Render thread/INFO] (Minecraft) Created: 256x128x0 minecraft:textures/atlas/mob_effects.png-atlas
[22:47:25] [Render thread/INFO] (Minecraft) Created: 1024x512x0 minecraft:textures/atlas/gui.png-atlas
[22:47:35] [Render thread/INFO] (Minecraft) Loaded 1344 recipes
[22:47:35] [Render thread/INFO] (Minecraft) Loaded 1448 advancements
[22:47:37] [Render thread/INFO] (BiomeModificationImpl) Applied 0 biome modifications to 0 of 64 new biomes in 3.352 ms
[22:47:37] [Server thread/INFO] (Minecraft) Starting integrated minecraft server version 1.21.3
[22:47:37] [Server thread/INFO] (Minecraft) Generating keypair
[22:47:44] [Server thread/INFO] (Minecraft) Preparing start region for dimension minecraft:overworld
[22:47:44] [Render thread/INFO] (Minecraft) Preparing spawn area: 2%
[22:47:44] [Render thread/INFO] (Minecraft) Preparing spawn area: 2%
[22:47:45] [Render thread/INFO] (Minecraft) Preparing spawn area: 2%
[22:47:45] [Render thread/INFO] (Minecraft) Preparing spawn area: 2%
[22:47:46] [Render thread/INFO] (Minecraft) Preparing spawn area: 2%
[22:47:46] [Render thread/INFO] (Minecraft) Preparing spawn area: 2%
[22:47:47] [Render thread/INFO] (Minecraft) Preparing spawn area: 18%
[22:47:47] [Render thread/INFO] (Minecraft) Preparing spawn area: 18%
[22:47:48] [Render thread/INFO] (Minecraft) Preparing spawn area: 18%
[22:47:48] [Render thread/INFO] (Minecraft) Preparing spawn area: 18%
[22:47:49] [Render thread/INFO] (Minecraft) Preparing spawn area: 18%
[22:47:49] [Render thread/INFO] (Minecraft) Preparing spawn area: 51%
[22:47:50] [Render thread/INFO] (Minecraft) Preparing spawn area: 51%
[22:47:50] [Render thread/INFO] (Minecraft) Preparing spawn area: 51%
[22:47:51] [Render thread/INFO] (Minecraft) Preparing spawn area: 51%
[22:47:51] [Render thread/INFO] (Minecraft) Preparing spawn area: 63%
[22:47:52] [Render thread/INFO] (Minecraft) Time elapsed: 7659 ms
[22:47:52] [Server thread/INFO] (Minecraft) Changing view distance to 12, from 10
[22:47:52] [Server thread/INFO] (Minecraft) Changing simulation distance to 12, from 0
[22:47:54] [Server thread/INFO] (Minecraft) Player961[local:E:d4790711] logged in with entity id 15 at (-6.5, 116.0, 4.5)
[22:47:54] [Server thread/INFO] (Minecraft) Player961 joined the game
[22:47:54] [Render thread/INFO] (Minecraft) Loaded 2 advancements
[22:48:01] [Server thread/INFO] (Minecraft) [STDOUT]: Sending message: literal{Waiting for players! Set spawn to waiting box!}[style={color=gold,bold}]
[22:48:01] [Render thread/INFO] (Minecraft) [System] [CHAT] Waiting for players! Set spawn to waiting box!
[22:48:15] [Server thread/WARN] (Minecraft) Can't keep up! Is the server overloaded? Running 14004ms or 280 ticks behind
[22:48:15] [Render thread/INFO] (Minecraft) [System] [CHAT] You have been assigned to team RED use '/class' to select your class.
[22:48:58] [Server thread/INFO] (Minecraft) [STDOUT]: Sending message: literal{Starting has started and will last for 30s!}[style={color=gold,bold}]
[22:48:58] [Server thread/INFO] (Minecraft) [STDOUT]: Sending message: literal{Starting the game!}[style={color=green,bold}]
[22:48:58] [Render thread/INFO] (Minecraft) [System] [CHAT] Starting has started and will last for 30s!
[22:48:58] [Render thread/INFO] (Minecraft) [System] [CHAT] Starting the game!
[22:48:58] [Server thread/INFO] (Minecraft) [STDOUT]: Sending message: literal{Welcome to Capture The Flag! Use /wiki for a link to your class' custom abilities and recipes. Good luck!}[style={color=gold,bold}]
[22:48:58] [Server thread/INFO] (Minecraft) [STDOUT]: Sending message: literal{You can now enter enemy territory! Capture the flag!}[style={color=gold,bold}]
[22:48:58] [Server thread/INFO] (Minecraft) [STDOUT]: Sending message: literal{You can switch your class once during this phase (/class)}[style={color=gold}]
[22:48:58] [Render thread/INFO] (Minecraft) [System] [CHAT] Welcome to Capture The Flag! Use /wiki for a link to your class' custom abilities and recipes. Good luck!
[22:48:58] [Render thread/INFO] (Minecraft) [System] [CHAT] You can now enter enemy territory! Capture the flag!
[22:48:58] [Render thread/INFO] (Minecraft) [System] [CHAT] You can switch your class once during this phase (/class)
[22:49:09] [Server thread/INFO] (Minecraft) [STDOUT]: Sending message: literal{There are 20s left of Starting}[style={color=green}]
[22:49:09] [Render thread/INFO] (Minecraft) [System] [CHAT] There are 20s left of Starting
[22:49:19] [Server thread/INFO] (Minecraft) [STDOUT]: Sending message: literal{There are 10s left of Starting}[style={color=green}]
[22:49:19] [Render thread/INFO] (Minecraft) [System] [CHAT] There are 10s left of Starting
[22:49:24] [Server thread/INFO] (Minecraft) [STDOUT]: Sending message: literal{There are 5s left of Starting}[style={color=green}]
[22:49:24] [Render thread/INFO] (Minecraft) [System] [CHAT] There are 5s left of Starting
[22:49:29] [Server thread/INFO] (Minecraft) [STDOUT]: Sending message: literal{Starting has ended!}[style={color=red,bold}]
[22:49:29] [Server thread/INFO] (Minecraft) [STDOUT]: Sending message: literal{Preparation has started and will last for 30m!}[style={color=gold,bold}]
[22:49:29] [Server thread/INFO] (Minecraft) [STDOUT]: Sending message: literal{You cannot enter enemy territory during this time! Prepare your defenses and equipment!}[style={color=red}]
[22:49:29] [Server thread/INFO] (Minecraft) [STDOUT]: Sending message: literal{You can switch your class once during this phase (/class)}[style={color=gold}]
[22:49:29] [Render thread/INFO] (Minecraft) [System] [CHAT] Starting has ended!
[22:49:29] [Render thread/INFO] (Minecraft) [System] [CHAT] Preparation has started and will last for 30m!
[22:49:29] [Render thread/INFO] (Minecraft) [System] [CHAT] You cannot enter enemy territory during this time! Prepare your defenses and equipment!
[22:49:29] [Render thread/INFO] (Minecraft) [System] [CHAT] You can switch your class once during this phase (/class)
[22:51:20] [Server thread/INFO] (Minecraft) [Player961: Set the time to 0]
[22:51:20] [Render thread/INFO] (Minecraft) [System] [CHAT] Set the time to 0
[22:52:00] [Server thread/INFO] (Minecraft) [Player961: Set the time to 6000]
[22:52:00] [Render thread/INFO] (Minecraft) [System] [CHAT] Set the time to 6000
[22:52:59] [Render thread/INFO] (Minecraft) [System] [CHAT] You cannot enter the enemy base at this time.
[22:52:59] [Render thread/INFO] (Minecraft) [System] [CHAT] You cannot enter the enemy base at this time.
[22:52:59] [Render thread/INFO] (Minecraft) [System] [CHAT] You cannot enter the enemy base at this time.
[22:52:59] [Render thread/INFO] (Minecraft) [System] [CHAT] You cannot enter the enemy base at this time.
[22:53:00] [Render thread/INFO] (Minecraft) [System] [CHAT] You cannot enter the enemy base at this time.
[22:53:05] [Render thread/INFO] (Minecraft) [System] [CHAT] You cannot enter the enemy base at this time.
[22:53:11] [Render thread/INFO] (Minecraft) [System] [CHAT] You cannot enter the enemy base at this time.
[22:53:12] [Render thread/INFO] (Minecraft) [System] [CHAT] You cannot enter the enemy base at this time.
[22:53:18] [Server thread/INFO] (Minecraft) Player961 was killed
[22:53:18] [Server thread/INFO] (Minecraft) [Player961: Killed Player961]
[22:53:18] [Render thread/INFO] (Minecraft) [System] [CHAT] Player961 was killed
[22:53:18] [Render thread/INFO] (Minecraft) [System] [CHAT] Killed Player961
[22:53:19] [Server thread/INFO] (Minecraft) Player961 has made the advancement [Isn't It Iron Pick]
[22:53:19] [Render thread/INFO] (Minecraft) [System] [CHAT] Player961 has made the advancement [Isn't It Iron Pick]
[22:53:19] [Render thread/INFO] (Minecraft) Loaded 12 advancements
[22:55:16] [Render thread/INFO] (Minecraft) Stopping!
[22:55:16] [Server thread/INFO] (Minecraft) Player961 lost connection: Disconnected
[22:55:16] [Server thread/INFO] (Minecraft) Player961 left the game
[22:55:16] [Server thread/INFO] (Minecraft) Stopping singleplayer server as player logged out
[22:55:16] [Server thread/INFO] (Minecraft) Stopping server
[22:55:16] [Server thread/INFO] (Minecraft) Saving players
[22:55:16] [Server thread/INFO] (Minecraft) Saving worlds
[22:55:16] [Server thread/INFO] (Minecraft) Saving chunks for level 'ServerLevel[heckers]'/minecraft:overworld
[22:55:17] [Server thread/INFO] (Minecraft) Saving chunks for level 'ServerLevel[heckers]'/minecraft:the_nether
[22:55:17] [Server thread/INFO] (Minecraft) Saving chunks for level 'ServerLevel[heckers]'/minecraft:the_end
[22:55:17] [Server thread/INFO] (Minecraft) ThreadedAnvilChunkStorage (heckers (17)): All chunks are saved
[22:55:17] [Server thread/INFO] (Minecraft) ThreadedAnvilChunkStorage (DIM-1): All chunks are saved
[22:55:17] [Server thread/INFO] (Minecraft) ThreadedAnvilChunkStorage (DIM1): All chunks are saved
[22:55:17] [Server thread/INFO] (Minecraft) ThreadedAnvilChunkStorage: All dimensions are saved
